

Started GET "/" for 127.0.0.1 at 2014-03-18 21:46:18 +0800
Processing by Rails::WelcomeController#index as HTML
  Rendered /Library/Ruby/Gems/2.0.0/gems/railties-4.0.3/lib/rails/templates/rails/welcome/index.html.erb (1.1ms)
Completed 200 OK in 29ms (Views: 5.2ms | ActiveRecord: 0.0ms)
  [1m[36mActiveRecord::SchemaMigration Load (0.2ms)[0m  [1mSELECT `schema_migrations`.* FROM `schema_migrations`[0m
Migrating to CreateOauths (20140318135036)
  [1m[35m (25.0ms)[0m  CREATE TABLE `oauths` (`id` int(11) DEFAULT NULL auto_increment PRIMARY KEY, `created_at` datetime, `updated_at` datetime) ENGINE=InnoDB
  [1m[36m (0.3ms)[0m  [1mBEGIN[0m
  [1m[35mSQL (0.2ms)[0m  INSERT INTO `schema_migrations` (`version`) VALUES ('20140318135036')
  [1m[36m (0.2ms)[0m  [1mCOMMIT[0m
  [1m[35mActiveRecord::SchemaMigration Load (0.3ms)[0m  SELECT `schema_migrations`.* FROM `schema_migrations`


Started GET "/" for 127.0.0.1 at 2014-03-18 22:06:00 +0800
  [1m[36mActiveRecord::SchemaMigration Load (0.2ms)[0m  [1mSELECT `schema_migrations`.* FROM `schema_migrations`[0m
Processing by Rails::WelcomeController#index as HTML
  Rendered /Library/Ruby/Gems/2.0.0/gems/railties-4.0.3/lib/rails/templates/rails/welcome/index.html.erb (1.5ms)
Completed 200 OK in 29ms (Views: 5.4ms | ActiveRecord: 0.0ms)


Started GET "/oauth" for 127.0.0.1 at 2014-03-18 22:06:05 +0800
Processing by OauthController#oauth_process as HTML
Redirected to http://www.freelancer.com/users/api-token/auth.php?oauth_token=0cff47912669451325767731efeb6eca7299894b
Completed 302 Found in 1026ms (ActiveRecord: 0.0ms)


Started GET "/get_access_token?oauth_token=0cff47912669451325767731efeb6eca7299894b&oauth_verifier=5dd73b9ad7af9ac1f6d7c5da83e02ec1e84bf6fb" for 127.0.0.1 at 2014-03-18 22:06:11 +0800
Processing by OauthController#get_access_token as HTML
  Parameters: {"oauth_token"=>"0cff47912669451325767731efeb6eca7299894b", "oauth_verifier"=>"5dd73b9ad7af9ac1f6d7c5da83e02ec1e84bf6fb"}
Completed 500 Internal Server Error in 1810ms

NameError (uninitialized constant OauthController::Profile):
  app/controllers/oauth_controller.rb:35:in `get_access_token'


  Rendered /Library/Ruby/Gems/2.0.0/gems/actionpack-4.0.3/lib/action_dispatch/middleware/templates/rescues/_source.erb (0.7ms)
  Rendered /Library/Ruby/Gems/2.0.0/gems/actionpack-4.0.3/lib/action_dispatch/middleware/templates/rescues/_trace.erb (1.4ms)
  Rendered /Library/Ruby/Gems/2.0.0/gems/actionpack-4.0.3/lib/action_dispatch/middleware/templates/rescues/_request_and_response.erb (1.3ms)
  Rendered /Library/Ruby/Gems/2.0.0/gems/actionpack-4.0.3/lib/action_dispatch/middleware/templates/rescues/diagnostics.erb within rescues/layout (13.4ms)
  [1m[36mActiveRecord::SchemaMigration Load (0.2ms)[0m  [1mSELECT `schema_migrations`.* FROM `schema_migrations`[0m
  [1m[36mActiveRecord::SchemaMigration Load (0.2ms)[0m  [1mSELECT `schema_migrations`.* FROM `schema_migrations`[0m
  [1m[36mActiveRecord::SchemaMigration Load (0.2ms)[0m  [1mSELECT `schema_migrations`.* FROM `schema_migrations`[0m
  [1m[36mActiveRecord::SchemaMigration Load (0.2ms)[0m  [1mSELECT `schema_migrations`.* FROM `schema_migrations`[0m
Migrating to CreateOauths (20140318141314)
  [1m[35m (23.7ms)[0m  CREATE TABLE `oauths` (`id` int(11) DEFAULT NULL auto_increment PRIMARY KEY, `name` varchar(255), `token` varchar(255), `secret` varchar(255), `created_at` datetime, `updated_at` datetime) ENGINE=InnoDB
  [1m[36m (0.1ms)[0m  [1mBEGIN[0m
  [1m[35mSQL (0.2ms)[0m  INSERT INTO `schema_migrations` (`version`) VALUES ('20140318141314')
  [1m[36m (0.3ms)[0m  [1mCOMMIT[0m
  [1m[35mActiveRecord::SchemaMigration Load (0.3ms)[0m  SELECT `schema_migrations`.* FROM `schema_migrations`


Started GET "/oauth" for 127.0.0.1 at 2014-03-18 22:13:47 +0800
  [1m[36mActiveRecord::SchemaMigration Load (0.2ms)[0m  [1mSELECT `schema_migrations`.* FROM `schema_migrations`[0m
Processing by OauthController#oauth_process as HTML
Redirected to http://www.freelancer.com/users/api-token/auth.php?oauth_token=b81906d9601170c6d9f87c05fed1481d51b9a428
Completed 302 Found in 1871ms (ActiveRecord: 0.0ms)


Started GET "/get_access_token?oauth_token=b81906d9601170c6d9f87c05fed1481d51b9a428&oauth_verifier=4a785379d6bf469d2c9e31b761c61e834129fe45" for 127.0.0.1 at 2014-03-18 22:13:55 +0800
Processing by OauthController#get_access_token as HTML
  Parameters: {"oauth_token"=>"b81906d9601170c6d9f87c05fed1481d51b9a428", "oauth_verifier"=>"4a785379d6bf469d2c9e31b761c61e834129fe45"}
  [1m[35m (0.1ms)[0m  BEGIN
  [1m[36mSQL (0.2ms)[0m  [1mINSERT INTO `oauths` (`created_at`, `name`, `secret`, `token`, `updated_at`) VALUES ('2014-03-18 14:13:56', 'maydaycha', '9704d075ef99789f860f3a5b26c18e5fea1f3633', 'e38ffb7a4b7ef62bb52ff3410eba25f317ad76e4', '2014-03-18 14:13:56')[0m
  [1m[35m (0.4ms)[0m  COMMIT
Completed 200 OK in 1663ms (Views: 0.1ms | ActiveRecord: 9.2ms)


Started GET "/" for 127.0.0.1 at 2014-03-18 22:27:20 +0800
  [1m[36mActiveRecord::SchemaMigration Load (0.2ms)[0m  [1mSELECT `schema_migrations`.* FROM `schema_migrations`[0m
Processing by Rails::WelcomeController#index as HTML
  Rendered /Library/Ruby/Gems/2.0.0/gems/railties-4.0.3/lib/rails/templates/rails/welcome/index.html.erb (1.1ms)
Completed 200 OK in 29ms (Views: 5.4ms | ActiveRecord: 0.0ms)


Started GET "/api" for 127.0.0.1 at 2014-03-18 22:27:22 +0800

SyntaxError (/Users/Maydaycha/rails/sun/app/controllers/api_controller.rb:10: syntax error, unexpected ':', expecting =>
            render :json => {"status":"fail"}
                                      ^
/Users/Maydaycha/rails/sun/app/controllers/api_controller.rb:10: syntax error, unexpected '}', expecting keyword_end):
  activesupport (4.0.3) lib/active_support/dependencies.rb:424:in `load'
  activesupport (4.0.3) lib/active_support/dependencies.rb:424:in `block in load_file'
  activesupport (4.0.3) lib/active_support/dependencies.rb:616:in `new_constants_in'
  activesupport (4.0.3) lib/active_support/dependencies.rb:423:in `load_file'
  activesupport (4.0.3) lib/active_support/dependencies.rb:324:in `require_or_load'
  activesupport (4.0.3) lib/active_support/dependencies.rb:463:in `load_missing_constant'
  activesupport (4.0.3) lib/active_support/dependencies.rb:184:in `const_missing'
  activesupport (4.0.3) lib/active_support/inflector/methods.rb:226:in `const_get'
  activesupport (4.0.3) lib/active_support/inflector/methods.rb:226:in `block in constantize'
  activesupport (4.0.3) lib/active_support/inflector/methods.rb:224:in `each'
  activesupport (4.0.3) lib/active_support/inflector/methods.rb:224:in `inject'
  activesupport (4.0.3) lib/active_support/inflector/methods.rb:224:in `constantize'
  activesupport (4.0.3) lib/active_support/dependencies.rb:535:in `get'
  activesupport (4.0.3) lib/active_support/dependencies.rb:566:in `constantize'
  actionpack (4.0.3) lib/action_dispatch/routing/route_set.rb:76:in `controller_reference'
  actionpack (4.0.3) lib/action_dispatch/routing/route_set.rb:66:in `controller'
  actionpack (4.0.3) lib/action_dispatch/routing/route_set.rb:44:in `call'
  actionpack (4.0.3) lib/action_dispatch/journey/router.rb:71:in `block in call'
  actionpack (4.0.3) lib/action_dispatch/journey/router.rb:59:in `each'
  actionpack (4.0.3) lib/action_dispatch/journey/router.rb:59:in `call'
  actionpack (4.0.3) lib/action_dispatch/routing/route_set.rb:680:in `call'
  rack (1.5.2) lib/rack/etag.rb:23:in `call'
  rack (1.5.2) lib/rack/conditionalget.rb:25:in `call'
  rack (1.5.2) lib/rack/head.rb:11:in `call'
  actionpack (4.0.3) lib/action_dispatch/middleware/params_parser.rb:27:in `call'
  actionpack (4.0.3) lib/action_dispatch/middleware/flash.rb:241:in `call'
  rack (1.5.2) lib/rack/session/abstract/id.rb:225:in `context'
  rack (1.5.2) lib/rack/session/abstract/id.rb:220:in `call'
  actionpack (4.0.3) lib/action_dispatch/middleware/cookies.rb:486:in `call'
  activerecord (4.0.3) lib/active_record/query_cache.rb:36:in `call'
  activerecord (4.0.3) lib/active_record/connection_adapters/abstract/connection_pool.rb:626:in `call'
  activerecord (4.0.3) lib/active_record/migration.rb:369:in `call'
  actionpack (4.0.3) lib/action_dispatch/middleware/callbacks.rb:29:in `block in call'
  activesupport (4.0.3) lib/active_support/callbacks.rb:373:in `_run__1418563949596643354__call__callbacks'
  activesupport (4.0.3) lib/active_support/callbacks.rb:80:in `run_callbacks'
  actionpack (4.0.3) lib/action_dispatch/middleware/callbacks.rb:27:in `call'
  actionpack (4.0.3) lib/action_dispatch/middleware/reloader.rb:64:in `call'
  actionpack (4.0.3) lib/action_dispatch/middleware/remote_ip.rb:76:in `call'
  actionpack (4.0.3) lib/action_dispatch/middleware/debug_exceptions.rb:17:in `call'
  actionpack (4.0.3) lib/action_dispatch/middleware/show_exceptions.rb:30:in `call'
  railties (4.0.3) lib/rails/rack/logger.rb:38:in `call_app'
  railties (4.0.3) lib/rails/rack/logger.rb:20:in `block in call'
  activesupport (4.0.3) lib/active_support/tagged_logging.rb:67:in `block in tagged'
  activesupport (4.0.3) lib/active_support/tagged_logging.rb:25:in `tagged'
  activesupport (4.0.3) lib/active_support/tagged_logging.rb:67:in `tagged'
  railties (4.0.3) lib/rails/rack/logger.rb:20:in `call'
  actionpack (4.0.3) lib/action_dispatch/middleware/request_id.rb:21:in `call'
  rack (1.5.2) lib/rack/methodoverride.rb:21:in `call'
  rack (1.5.2) lib/rack/runtime.rb:17:in `call'
  activesupport (4.0.3) lib/active_support/cache/strategy/local_cache.rb:83:in `call'
  rack (1.5.2) lib/rack/lock.rb:17:in `call'
  actionpack (4.0.3) lib/action_dispatch/middleware/static.rb:64:in `call'
  rack (1.5.2) lib/rack/sendfile.rb:112:in `call'
  railties (4.0.3) lib/rails/engine.rb:511:in `call'
  railties (4.0.3) lib/rails/application.rb:97:in `call'
  rack (1.5.2) lib/rack/lock.rb:17:in `call'
  rack (1.5.2) lib/rack/content_length.rb:14:in `call'
  rack (1.5.2) lib/rack/handler/webrick.rb:60:in `service'
  /System/Library/Frameworks/Ruby.framework/Versions/2.0/usr/lib/ruby/2.0.0/webrick/httpserver.rb:138:in `service'
  /System/Library/Frameworks/Ruby.framework/Versions/2.0/usr/lib/ruby/2.0.0/webrick/httpserver.rb:94:in `run'
  /System/Library/Frameworks/Ruby.framework/Versions/2.0/usr/lib/ruby/2.0.0/webrick/server.rb:295:in `block in start_thread'


  Rendered /Library/Ruby/Gems/2.0.0/gems/actionpack-4.0.3/lib/action_dispatch/middleware/templates/rescues/_source.erb (0.5ms)
  Rendered /Library/Ruby/Gems/2.0.0/gems/actionpack-4.0.3/lib/action_dispatch/middleware/templates/rescues/_trace.erb (0.9ms)
  Rendered /Library/Ruby/Gems/2.0.0/gems/actionpack-4.0.3/lib/action_dispatch/middleware/templates/rescues/_request_and_response.erb (1.3ms)
  Rendered /Library/Ruby/Gems/2.0.0/gems/actionpack-4.0.3/lib/action_dispatch/middleware/templates/rescues/diagnostics.erb within rescues/layout (12.6ms)


Started GET "/api" for 127.0.0.1 at 2014-03-18 22:30:09 +0800
Processing by ApiController#construct_access_token as HTML
  [1m[35mOauth Load (0.3ms)[0m  SELECT `oauths`.* FROM `oauths` WHERE `oauths`.`name` = 'maydaycha'
Completed 200 OK in 20ms (Views: 0.1ms | ActiveRecord: 8.7ms)


Started GET "/api" for 127.0.0.1 at 2014-03-18 22:33:29 +0800
Processing by ApiController#construct_access_token as HTML
  [1m[36mOauth Load (0.2ms)[0m  [1mSELECT `oauths`.* FROM `oauths` WHERE `oauths`.`name` = 'maydaycha'[0m
Completed 500 Internal Server Error in 16ms

NoMethodError (undefined method `token' for #<ActiveRecord::Relation::ActiveRecord_Relation_Oauth:0x007fd15b63a0e0>):
  app/controllers/api_controller.rb:8:in `construct_access_token'


  Rendered /Library/Ruby/Gems/2.0.0/gems/actionpack-4.0.3/lib/action_dispatch/middleware/templates/rescues/_source.erb (0.5ms)
  Rendered /Library/Ruby/Gems/2.0.0/gems/actionpack-4.0.3/lib/action_dispatch/middleware/templates/rescues/_trace.erb (0.8ms)
  Rendered /Library/Ruby/Gems/2.0.0/gems/actionpack-4.0.3/lib/action_dispatch/middleware/templates/rescues/_request_and_response.erb (0.8ms)
  Rendered /Library/Ruby/Gems/2.0.0/gems/actionpack-4.0.3/lib/action_dispatch/middleware/templates/rescues/diagnostics.erb within rescues/layout (10.9ms)


Started GET "/api" for 127.0.0.1 at 2014-03-18 22:33:46 +0800
Processing by ApiController#construct_access_token as HTML
  [1m[35mOauth Load (0.3ms)[0m  SELECT `oauths`.* FROM `oauths` WHERE `oauths`.`name` = 'maydaycha'
Completed 500 Internal Server Error in 16ms

NoMethodError (undefined method `token' for #<ActiveRecord::Relation::ActiveRecord_Relation_Oauth:0x007fd15b9ab6e8>):
  app/controllers/api_controller.rb:8:in `construct_access_token'


  Rendered /Library/Ruby/Gems/2.0.0/gems/actionpack-4.0.3/lib/action_dispatch/middleware/templates/rescues/_source.erb (0.5ms)
  Rendered /Library/Ruby/Gems/2.0.0/gems/actionpack-4.0.3/lib/action_dispatch/middleware/templates/rescues/_trace.erb (0.8ms)
  Rendered /Library/Ruby/Gems/2.0.0/gems/actionpack-4.0.3/lib/action_dispatch/middleware/templates/rescues/_request_and_response.erb (1.1ms)
  Rendered /Library/Ruby/Gems/2.0.0/gems/actionpack-4.0.3/lib/action_dispatch/middleware/templates/rescues/diagnostics.erb within rescues/layout (12.4ms)


Started GET "/api" for 127.0.0.1 at 2014-03-18 22:34:06 +0800
Processing by ApiController#construct_access_token as HTML
  [1m[36mOauth Load (0.3ms)[0m  [1mSELECT `oauths`.* FROM `oauths` WHERE `oauths`.`name` = 'maydaycha'[0m
Completed 500 Internal Server Error in 17ms

TypeError (no implicit conversion of String into Integer):
  app/controllers/api_controller.rb:8:in `construct_access_token'


  Rendered /Library/Ruby/Gems/2.0.0/gems/actionpack-4.0.3/lib/action_dispatch/middleware/templates/rescues/_source.erb (0.7ms)
  Rendered /Library/Ruby/Gems/2.0.0/gems/actionpack-4.0.3/lib/action_dispatch/middleware/templates/rescues/_trace.erb (1.0ms)
  Rendered /Library/Ruby/Gems/2.0.0/gems/actionpack-4.0.3/lib/action_dispatch/middleware/templates/rescues/_request_and_response.erb (1.4ms)
  Rendered /Library/Ruby/Gems/2.0.0/gems/actionpack-4.0.3/lib/action_dispatch/middleware/templates/rescues/diagnostics.erb within rescues/layout (14.3ms)


Started GET "/api" for 127.0.0.1 at 2014-03-18 22:35:07 +0800
Processing by ApiController#construct_access_token as HTML
  [1m[35mOauth Load (0.2ms)[0m  SELECT `oauths`.* FROM `oauths` WHERE `oauths`.`name` = 'maydaycha'
Completed 200 OK in 16ms (Views: 0.1ms | ActiveRecord: 8.6ms)


Started GET "/api" for 127.0.0.1 at 2014-03-18 22:38:38 +0800
Processing by ApiController#construct_access_token as HTML
  [1m[36mOauth Load (0.2ms)[0m  [1mSELECT `oauths`.* FROM `oauths` WHERE `oauths`.`name` = 'maydaycha'[0m
Completed 500 Internal Server Error in 8ms

TypeError (no implicit conversion of String into Integer):
  app/controllers/api_controller.rb:8:in `construct_access_token'


  Rendered /Library/Ruby/Gems/2.0.0/gems/actionpack-4.0.3/lib/action_dispatch/middleware/templates/rescues/_source.erb (0.6ms)
  Rendered /Library/Ruby/Gems/2.0.0/gems/actionpack-4.0.3/lib/action_dispatch/middleware/templates/rescues/_trace.erb (0.8ms)
  Rendered /Library/Ruby/Gems/2.0.0/gems/actionpack-4.0.3/lib/action_dispatch/middleware/templates/rescues/_request_and_response.erb (0.9ms)
  Rendered /Library/Ruby/Gems/2.0.0/gems/actionpack-4.0.3/lib/action_dispatch/middleware/templates/rescues/diagnostics.erb within rescues/layout (12.5ms)


Started GET "/api" for 127.0.0.1 at 2014-03-18 22:38:58 +0800
Processing by ApiController#construct_access_token as HTML
  [1m[35mOauth Load (0.3ms)[0m  SELECT `oauths`.* FROM `oauths` WHERE `oauths`.`name` = 'maydaycha'
Completed 500 Internal Server Error in 17ms

NoMethodError (undefined method `Token' for OAuth:Module):
  app/controllers/api_controller.rb:8:in `construct_access_token'


  Rendered /Library/Ruby/Gems/2.0.0/gems/actionpack-4.0.3/lib/action_dispatch/middleware/templates/rescues/_source.erb (0.9ms)
  Rendered /Library/Ruby/Gems/2.0.0/gems/actionpack-4.0.3/lib/action_dispatch/middleware/templates/rescues/_trace.erb (1.2ms)
  Rendered /Library/Ruby/Gems/2.0.0/gems/actionpack-4.0.3/lib/action_dispatch/middleware/templates/rescues/_request_and_response.erb (0.9ms)
  Rendered /Library/Ruby/Gems/2.0.0/gems/actionpack-4.0.3/lib/action_dispatch/middleware/templates/rescues/diagnostics.erb within rescues/layout (14.3ms)


Started GET "/api" for 127.0.0.1 at 2014-03-18 22:42:47 +0800
Processing by ApiController#construct_access_token as HTML
  [1m[36mOauth Load (0.3ms)[0m  [1mSELECT `oauths`.* FROM `oauths` WHERE `oauths`.`name` = 'maydaycha'[0m
Completed 200 OK in 19ms (Views: 0.2ms | ActiveRecord: 9.0ms)


Started GET "/api" for 127.0.0.1 at 2014-03-18 22:43:07 +0800
Processing by ApiController#construct_access_token as HTML
  [1m[35mOauth Load (0.3ms)[0m  SELECT `oauths`.* FROM `oauths` WHERE `oauths`.`name` = 'maydaycha'
Completed 200 OK in 19ms (Views: 0.1ms | ActiveRecord: 8.6ms)


Started GET "/api" for 127.0.0.1 at 2014-03-18 22:43:46 +0800
Processing by ApiController#construct_access_token as HTML
  [1m[36mOauth Load (0.3ms)[0m  [1mSELECT `oauths`.* FROM `oauths` WHERE `oauths`.`name` = 'maydaycha'[0m
Completed 500 Internal Server Error in 16ms

TypeError (no implicit conversion of String into Integer):
  app/controllers/api_controller.rb:11:in `construct_access_token'


  Rendered /Library/Ruby/Gems/2.0.0/gems/actionpack-4.0.3/lib/action_dispatch/middleware/templates/rescues/_source.erb (0.5ms)
  Rendered /Library/Ruby/Gems/2.0.0/gems/actionpack-4.0.3/lib/action_dispatch/middleware/templates/rescues/_trace.erb (1.0ms)
  Rendered /Library/Ruby/Gems/2.0.0/gems/actionpack-4.0.3/lib/action_dispatch/middleware/templates/rescues/_request_and_response.erb (1.5ms)
  Rendered /Library/Ruby/Gems/2.0.0/gems/actionpack-4.0.3/lib/action_dispatch/middleware/templates/rescues/diagnostics.erb within rescues/layout (13.5ms)


Started GET "/api" for 127.0.0.1 at 2014-03-18 22:44:00 +0800
Processing by ApiController#construct_access_token as HTML
  [1m[35mOauth Load (0.3ms)[0m  SELECT `oauths`.* FROM `oauths` WHERE `oauths`.`name` = 'maydaycha'
Completed 500 Internal Server Error in 19ms

NoMethodError (undefined method `token' for #<ActiveRecord::Relation::ActiveRecord_Relation_Oauth:0x007fd15b9dafb0>):
  app/controllers/api_controller.rb:11:in `construct_access_token'


  Rendered /Library/Ruby/Gems/2.0.0/gems/actionpack-4.0.3/lib/action_dispatch/middleware/templates/rescues/_source.erb (0.6ms)
  Rendered /Library/Ruby/Gems/2.0.0/gems/actionpack-4.0.3/lib/action_dispatch/middleware/templates/rescues/_trace.erb (0.9ms)
  Rendered /Library/Ruby/Gems/2.0.0/gems/actionpack-4.0.3/lib/action_dispatch/middleware/templates/rescues/_request_and_response.erb (0.8ms)
  Rendered /Library/Ruby/Gems/2.0.0/gems/actionpack-4.0.3/lib/action_dispatch/middleware/templates/rescues/diagnostics.erb within rescues/layout (12.6ms)


Started GET "/api" for 127.0.0.1 at 2014-03-18 22:47:49 +0800
Processing by ApiController#construct_access_token as HTML
  [1m[36mOauth Load (0.3ms)[0m  [1mSELECT `oauths`.* FROM `oauths` WHERE `oauths`.`name` = 'maydaycha'[0m
Completed 500 Internal Server Error in 18ms

NoMethodError (undefined method `token' for #<ActiveRecord::Relation::ActiveRecord_Relation_Oauth:0x007fd15bafbbb0>):
  app/controllers/api_controller.rb:11:in `construct_access_token'


  Rendered /Library/Ruby/Gems/2.0.0/gems/actionpack-4.0.3/lib/action_dispatch/middleware/templates/rescues/_source.erb (0.6ms)
  Rendered /Library/Ruby/Gems/2.0.0/gems/actionpack-4.0.3/lib/action_dispatch/middleware/templates/rescues/_trace.erb (0.8ms)
  Rendered /Library/Ruby/Gems/2.0.0/gems/actionpack-4.0.3/lib/action_dispatch/middleware/templates/rescues/_request_and_response.erb (1.4ms)
  Rendered /Library/Ruby/Gems/2.0.0/gems/actionpack-4.0.3/lib/action_dispatch/middleware/templates/rescues/diagnostics.erb within rescues/layout (12.0ms)


Started GET "/api" for 127.0.0.1 at 2014-03-18 22:53:21 +0800
Processing by ApiController#construct_access_token as HTML
  [1m[35mOauth Load (0.2ms)[0m  SELECT `oauths`.* FROM `oauths` WHERE `oauths`.`name` = 'maydaycha'
Completed 500 Internal Server Error in 17ms

NoMethodError (undefined method `token' for #<ActiveRecord::Relation::ActiveRecord_Relation_Oauth:0x007fd15b679808>):
  app/controllers/api_controller.rb:11:in `construct_access_token'


  Rendered /Library/Ruby/Gems/2.0.0/gems/actionpack-4.0.3/lib/action_dispatch/middleware/templates/rescues/_source.erb (0.6ms)
  Rendered /Library/Ruby/Gems/2.0.0/gems/actionpack-4.0.3/lib/action_dispatch/middleware/templates/rescues/_trace.erb (0.8ms)
  Rendered /Library/Ruby/Gems/2.0.0/gems/actionpack-4.0.3/lib/action_dispatch/middleware/templates/rescues/_request_and_response.erb (1.0ms)
  Rendered /Library/Ruby/Gems/2.0.0/gems/actionpack-4.0.3/lib/action_dispatch/middleware/templates/rescues/diagnostics.erb within rescues/layout (11.6ms)


Started GET "/api" for 127.0.0.1 at 2014-03-18 22:55:58 +0800
Processing by ApiController#construct_access_token as HTML
  [1m[36mOauth Load (0.3ms)[0m  [1mSELECT `oauths`.* FROM `oauths` WHERE `oauths`.`name` = 'maydaycha'[0m
Completed 500 Internal Server Error in 10ms

TypeError (no implicit conversion of Symbol into Integer):
  app/controllers/api_controller.rb:11:in `construct_access_token'


  Rendered /Library/Ruby/Gems/2.0.0/gems/actionpack-4.0.3/lib/action_dispatch/middleware/templates/rescues/_source.erb (0.5ms)
  Rendered /Library/Ruby/Gems/2.0.0/gems/actionpack-4.0.3/lib/action_dispatch/middleware/templates/rescues/_trace.erb (1.2ms)
  Rendered /Library/Ruby/Gems/2.0.0/gems/actionpack-4.0.3/lib/action_dispatch/middleware/templates/rescues/_request_and_response.erb (0.9ms)
  Rendered /Library/Ruby/Gems/2.0.0/gems/actionpack-4.0.3/lib/action_dispatch/middleware/templates/rescues/diagnostics.erb within rescues/layout (11.9ms)


Started GET "/api" for 127.0.0.1 at 2014-03-18 23:03:09 +0800
Processing by ApiController#construct_access_token as HTML
  [1m[35mOauth Load (0.2ms)[0m  SELECT `oauths`.* FROM `oauths` WHERE `oauths`.`name` = 'maydaycha'
Completed 500 Internal Server Error in 17ms

TypeError (no implicit conversion of String into Integer):
  app/controllers/api_controller.rb:11:in `construct_access_token'


  Rendered /Library/Ruby/Gems/2.0.0/gems/actionpack-4.0.3/lib/action_dispatch/middleware/templates/rescues/_source.erb (0.9ms)
  Rendered /Library/Ruby/Gems/2.0.0/gems/actionpack-4.0.3/lib/action_dispatch/middleware/templates/rescues/_trace.erb (1.0ms)
  Rendered /Library/Ruby/Gems/2.0.0/gems/actionpack-4.0.3/lib/action_dispatch/middleware/templates/rescues/_request_and_response.erb (0.9ms)
  Rendered /Library/Ruby/Gems/2.0.0/gems/actionpack-4.0.3/lib/action_dispatch/middleware/templates/rescues/diagnostics.erb within rescues/layout (12.9ms)


Started GET "/api" for 127.0.0.1 at 2014-03-18 23:07:54 +0800
Processing by ApiController#construct_access_token as HTML
  [1m[36mOauth Load (0.2ms)[0m  [1mSELECT `oauths`.* FROM `oauths` WHERE `oauths`.`name` = 'maydaycha'[0m
Completed 200 OK in 19ms (Views: 0.1ms | ActiveRecord: 8.6ms)


Started GET "/api" for 127.0.0.1 at 2014-03-18 23:08:12 +0800
Processing by ApiController#construct_access_token as HTML
  [1m[35mOauth Load (0.3ms)[0m  SELECT `oauths`.* FROM `oauths` WHERE `oauths`.`name` = 'maydaycha'
Completed 200 OK in 17ms (Views: 0.1ms | ActiveRecord: 8.8ms)


Started GET "/api" for 127.0.0.1 at 2014-03-18 23:08:56 +0800
Processing by ApiController#construct_access_token as HTML
  [1m[36mOauth Load (0.3ms)[0m  [1mSELECT `oauths`.* FROM `oauths` WHERE `oauths`.`name` = 'maydaycha'[0m
Completed 500 Internal Server Error in 18ms

NoMethodError (undefined method `token' for "[":String):
  app/controllers/api_controller.rb:12:in `construct_access_token'


  Rendered /Library/Ruby/Gems/2.0.0/gems/actionpack-4.0.3/lib/action_dispatch/middleware/templates/rescues/_source.erb (0.5ms)
  Rendered /Library/Ruby/Gems/2.0.0/gems/actionpack-4.0.3/lib/action_dispatch/middleware/templates/rescues/_trace.erb (0.8ms)
  Rendered /Library/Ruby/Gems/2.0.0/gems/actionpack-4.0.3/lib/action_dispatch/middleware/templates/rescues/_request_and_response.erb (0.8ms)
  Rendered /Library/Ruby/Gems/2.0.0/gems/actionpack-4.0.3/lib/action_dispatch/middleware/templates/rescues/diagnostics.erb within rescues/layout (10.7ms)


Started GET "/api" for 127.0.0.1 at 2014-03-18 23:09:03 +0800
Processing by ApiController#construct_access_token as HTML
  [1m[35mOauth Load (0.3ms)[0m  SELECT `oauths`.* FROM `oauths` WHERE `oauths`.`name` = 'maydaycha'
Completed 200 OK in 19ms (Views: 0.1ms | ActiveRecord: 8.8ms)


Started GET "/api" for 127.0.0.1 at 2014-03-18 23:09:19 +0800
Processing by ApiController#construct_access_token as HTML
  [1m[36mOauth Load (0.3ms)[0m  [1mSELECT `oauths`.* FROM `oauths` WHERE `oauths`.`name` = 'maydaycha'[0m
Completed 500 Internal Server Error in 46ms

TypeError (no implicit conversion of String into Integer):
  app/controllers/api_controller.rb:12:in `construct_access_token'


  Rendered /Library/Ruby/Gems/2.0.0/gems/actionpack-4.0.3/lib/action_dispatch/middleware/templates/rescues/_source.erb (0.6ms)
  Rendered /Library/Ruby/Gems/2.0.0/gems/actionpack-4.0.3/lib/action_dispatch/middleware/templates/rescues/_trace.erb (0.8ms)
  Rendered /Library/Ruby/Gems/2.0.0/gems/actionpack-4.0.3/lib/action_dispatch/middleware/templates/rescues/_request_and_response.erb (0.8ms)
  Rendered /Library/Ruby/Gems/2.0.0/gems/actionpack-4.0.3/lib/action_dispatch/middleware/templates/rescues/diagnostics.erb within rescues/layout (11.0ms)


Started GET "/api" for 127.0.0.1 at 2014-03-18 23:09:33 +0800
Processing by ApiController#construct_access_token as HTML
Completed 500 Internal Server Error in 2ms

ArgumentError (Unknown key: name):
  app/controllers/api_controller.rb:6:in `construct_access_token'


  Rendered /Library/Ruby/Gems/2.0.0/gems/actionpack-4.0.3/lib/action_dispatch/middleware/templates/rescues/_source.erb (0.5ms)
  Rendered /Library/Ruby/Gems/2.0.0/gems/actionpack-4.0.3/lib/action_dispatch/middleware/templates/rescues/_trace.erb (0.8ms)
  Rendered /Library/Ruby/Gems/2.0.0/gems/actionpack-4.0.3/lib/action_dispatch/middleware/templates/rescues/_request_and_response.erb (1.0ms)
  Rendered /Library/Ruby/Gems/2.0.0/gems/actionpack-4.0.3/lib/action_dispatch/middleware/templates/rescues/diagnostics.erb within rescues/layout (11.8ms)


Started GET "/api" for 127.0.0.1 at 2014-03-18 23:10:22 +0800
Processing by ApiController#construct_access_token as HTML
  [1m[35mOauth Load (0.2ms)[0m  SELECT `oauths`.* FROM `oauths` WHERE `oauths`.`id` = 1 LIMIT 1
Completed 200 OK in 17ms (Views: 0.1ms | ActiveRecord: 8.5ms)


Started GET "/api" for 127.0.0.1 at 2014-03-18 23:10:54 +0800
Processing by ApiController#construct_access_token as HTML
  [1m[36mOauth Load (0.4ms)[0m  [1mSELECT `oauths`.* FROM `oauths` WHERE `oauths`.`name` = 'maydaycha' ORDER BY `oauths`.`id` ASC LIMIT 1[0m
Completed 200 OK in 18ms (Views: 0.1ms | ActiveRecord: 9.0ms)


Started GET "/api" for 127.0.0.1 at 2014-03-18 23:11:42 +0800
Processing by ApiController#construct_access_token as HTML
  [1m[35mOauth Load (0.3ms)[0m  SELECT `oauths`.* FROM `oauths` WHERE `oauths`.`name` = 'maydaycha' ORDER BY `oauths`.`id` ASC LIMIT 1
Completed 500 Internal Server Error in 16ms

NoMethodError (undefined method `Token' for OAuth:Module):
  app/controllers/api_controller.rb:8:in `construct_access_token'


  Rendered /Library/Ruby/Gems/2.0.0/gems/actionpack-4.0.3/lib/action_dispatch/middleware/templates/rescues/_source.erb (0.6ms)
  Rendered /Library/Ruby/Gems/2.0.0/gems/actionpack-4.0.3/lib/action_dispatch/middleware/templates/rescues/_trace.erb (1.0ms)
  Rendered /Library/Ruby/Gems/2.0.0/gems/actionpack-4.0.3/lib/action_dispatch/middleware/templates/rescues/_request_and_response.erb (0.8ms)
  Rendered /Library/Ruby/Gems/2.0.0/gems/actionpack-4.0.3/lib/action_dispatch/middleware/templates/rescues/diagnostics.erb within rescues/layout (38.3ms)


Started GET "/api" for 127.0.0.1 at 2014-03-18 23:13:22 +0800
Processing by ApiController#construct_access_token as HTML
  [1m[36mOauth Load (0.2ms)[0m  [1mSELECT `oauths`.* FROM `oauths` WHERE `oauths`.`name` = 'maydaycha' ORDER BY `oauths`.`id` ASC LIMIT 1[0m
Completed 500 Internal Server Error in 17ms

NoMethodError (undefined method `Token' for OAuth:Module):
  app/controllers/api_controller.rb:10:in `construct_access_token'


  Rendered /Library/Ruby/Gems/2.0.0/gems/actionpack-4.0.3/lib/action_dispatch/middleware/templates/rescues/_source.erb (0.9ms)
  Rendered /Library/Ruby/Gems/2.0.0/gems/actionpack-4.0.3/lib/action_dispatch/middleware/templates/rescues/_trace.erb (1.0ms)
  Rendered /Library/Ruby/Gems/2.0.0/gems/actionpack-4.0.3/lib/action_dispatch/middleware/templates/rescues/_request_and_response.erb (0.9ms)
  Rendered /Library/Ruby/Gems/2.0.0/gems/actionpack-4.0.3/lib/action_dispatch/middleware/templates/rescues/diagnostics.erb within rescues/layout (13.8ms)


Started GET "/api" for 127.0.0.1 at 2014-03-18 23:13:34 +0800
Processing by ApiController#construct_access_token as HTML
  [1m[35mOauth Load (0.4ms)[0m  SELECT `oauths`.* FROM `oauths` WHERE `oauths`.`name` = 'maydaycha' ORDER BY `oauths`.`id` ASC LIMIT 1
Completed 500 Internal Server Error in 16ms

NoMethodError (undefined method `Token' for OAuth:Module):
  app/controllers/api_controller.rb:11:in `construct_access_token'


  Rendered /Library/Ruby/Gems/2.0.0/gems/actionpack-4.0.3/lib/action_dispatch/middleware/templates/rescues/_source.erb (0.8ms)
  Rendered /Library/Ruby/Gems/2.0.0/gems/actionpack-4.0.3/lib/action_dispatch/middleware/templates/rescues/_trace.erb (1.1ms)
  Rendered /Library/Ruby/Gems/2.0.0/gems/actionpack-4.0.3/lib/action_dispatch/middleware/templates/rescues/_request_and_response.erb (1.6ms)
  Rendered /Library/Ruby/Gems/2.0.0/gems/actionpack-4.0.3/lib/action_dispatch/middleware/templates/rescues/diagnostics.erb within rescues/layout (16.4ms)


Started GET "/api" for 127.0.0.1 at 2014-03-18 23:14:05 +0800
Processing by ApiController#construct_access_token as HTML
  [1m[36mOauth Load (0.3ms)[0m  [1mSELECT `oauths`.* FROM `oauths` WHERE `oauths`.`name` = 'maydaycha' ORDER BY `oauths`.`id` ASC LIMIT 1[0m
Completed 200 OK in 16ms (Views: 0.1ms | ActiveRecord: 8.5ms)


Started GET "/api" for 127.0.0.1 at 2014-03-18 23:14:09 +0800
Processing by ApiController#construct_access_token as HTML
  [1m[35mOauth Load (0.2ms)[0m  SELECT `oauths`.* FROM `oauths` WHERE `oauths`.`name` = 'maydaycha' ORDER BY `oauths`.`id` ASC LIMIT 1
Completed 200 OK in 36ms (Views: 0.1ms | ActiveRecord: 1.4ms)


Started GET "/api" for 127.0.0.1 at 2014-03-18 23:18:01 +0800
Processing by ApiController#construct_access_token as HTML
  [1m[36mOauth Load (0.2ms)[0m  [1mSELECT `oauths`.* FROM `oauths` WHERE `oauths`.`name` = 'maydaycha' ORDER BY `oauths`.`id` ASC LIMIT 1[0m
Completed 500 Internal Server Error in 16ms

NoMethodError (undefined method `get' for #<OAuth::Token:0x007fd15a48eaa8>):
  app/controllers/api_controller.rb:15:in `construct_access_token'


  Rendered /Library/Ruby/Gems/2.0.0/gems/actionpack-4.0.3/lib/action_dispatch/middleware/templates/rescues/_source.erb (0.5ms)
  Rendered /Library/Ruby/Gems/2.0.0/gems/actionpack-4.0.3/lib/action_dispatch/middleware/templates/rescues/_trace.erb (0.9ms)
  Rendered /Library/Ruby/Gems/2.0.0/gems/actionpack-4.0.3/lib/action_dispatch/middleware/templates/rescues/_request_and_response.erb (0.8ms)
  Rendered /Library/Ruby/Gems/2.0.0/gems/actionpack-4.0.3/lib/action_dispatch/middleware/templates/rescues/diagnostics.erb within rescues/layout (11.0ms)


Started GET "/api" for 127.0.0.1 at 2014-03-18 23:19:34 +0800
Processing by ApiController#construct_access_token as HTML
  [1m[35mOauth Load (0.2ms)[0m  SELECT `oauths`.* FROM `oauths` WHERE `oauths`.`name` = 'maydaycha' ORDER BY `oauths`.`id` ASC LIMIT 1
Completed 500 Internal Server Error in 16ms

NoMethodError (undefined method `get' for #<OAuth::Token:0x007fd15ba12758>):
  app/controllers/api_controller.rb:15:in `construct_access_token'


  Rendered /Library/Ruby/Gems/2.0.0/gems/actionpack-4.0.3/lib/action_dispatch/middleware/templates/rescues/_source.erb (0.5ms)
  Rendered /Library/Ruby/Gems/2.0.0/gems/actionpack-4.0.3/lib/action_dispatch/middleware/templates/rescues/_trace.erb (0.8ms)
  Rendered /Library/Ruby/Gems/2.0.0/gems/actionpack-4.0.3/lib/action_dispatch/middleware/templates/rescues/_request_and_response.erb (0.8ms)
  Rendered /Library/Ruby/Gems/2.0.0/gems/actionpack-4.0.3/lib/action_dispatch/middleware/templates/rescues/diagnostics.erb within rescues/layout (10.5ms)


Started GET "/api" for 127.0.0.1 at 2014-03-18 23:21:09 +0800
Processing by ApiController#construct_access_token as HTML
  [1m[36mOauth Load (0.3ms)[0m  [1mSELECT `oauths`.* FROM `oauths` WHERE `oauths`.`name` = 'maydaycha' ORDER BY `oauths`.`id` ASC LIMIT 1[0m
Completed 500 Internal Server Error in 17ms

NoMethodError (undefined method `uri' for "e38ffb7a4b7ef62bb52ff3410eba25f317ad76e4":String):
  app/controllers/api_controller.rb:15:in `construct_access_token'


  Rendered /Library/Ruby/Gems/2.0.0/gems/actionpack-4.0.3/lib/action_dispatch/middleware/templates/rescues/_source.erb (0.6ms)
  Rendered /Library/Ruby/Gems/2.0.0/gems/actionpack-4.0.3/lib/action_dispatch/middleware/templates/rescues/_trace.erb (0.9ms)
  Rendered /Library/Ruby/Gems/2.0.0/gems/actionpack-4.0.3/lib/action_dispatch/middleware/templates/rescues/_request_and_response.erb (0.8ms)
  Rendered /Library/Ruby/Gems/2.0.0/gems/actionpack-4.0.3/lib/action_dispatch/middleware/templates/rescues/diagnostics.erb within rescues/layout (11.0ms)


Started GET "/oauth" for 127.0.0.1 at 2014-03-18 23:25:59 +0800
Processing by OauthController#oauth_process as HTML
Redirected to http://www.freelancer.com/users/api-token/auth.php?oauth_token=9728e9dc266f87373834b5d0a8cbc9251ffd982b
Completed 302 Found in 1004ms (ActiveRecord: 0.0ms)


Started GET "/get_access_token?oauth_token=9728e9dc266f87373834b5d0a8cbc9251ffd982b&oauth_verifier=781a9dd05670b1ccb98720f785c9ebf695006384" for 127.0.0.1 at 2014-03-18 23:26:04 +0800
Processing by OauthController#get_access_token as HTML
  Parameters: {"oauth_token"=>"9728e9dc266f87373834b5d0a8cbc9251ffd982b", "oauth_verifier"=>"781a9dd05670b1ccb98720f785c9ebf695006384"}
  [1m[35m (0.1ms)[0m  BEGIN
  [1m[36mSQL (0.5ms)[0m  [1mINSERT INTO `oauths` (`created_at`, `name`, `secret`, `token`, `updated_at`) VALUES ('2014-03-18 15:26:06', 'maydaycha', 'e28d7c1dbfdc533a11eaf42e18274d39d7bbe4e9', '--- !ruby/object:OAuth::AccessToken\ntoken: e8843af01465b750e11539ddd3558a1b0d64a99f\nsecret: e28d7c1dbfdc533a11eaf42e18274d39d7bbe4e9\nconsumer: !ruby/object:OAuth::Consumer\n key: 51c2ea4b1c33af8b30ae432f1c54916ef8cd6067\n secret: f0f94b06fc598df4a8f2a13fdf77997457a80810\n options:\n :signature_method: HMAC-SHA1\n :request_token_path: http://api.freelancer.com/RequestRequestToken/requestRequestToken.json\n :authorize_path: http://www.freelancer.com/users/api-token/auth.php\n :access_token_path: http://api.freelancer.com/RequestAccessToken/requestAccessToken.json\n :proxy: \n :scheme: :query_string\n :http_method: :get\n :oauth_version: \'1.0\'\n http_method: :get\n http: !ruby/object:Net::HTTP\n address: \n port: 80\n local_host: \n local_port: \n curr_http_version: \'1.1\'\n keep_alive_timeout: 2\n last_communicated: \n close_on_empty_response: false\n socket: \n started: false\n open_timeout: 30\n read_timeout: 30\n continue_timeout: \n debug_output: \n proxy_from_env: true\n proxy_uri: \n proxy_address: \n proxy_port: \n proxy_user: \n proxy_pass: \n use_ssl: false\n ssl_context: \n ssl_session: \n enable_post_connection_check: true\n sspi_enabled: false\n ca_file: \n ca_path: \n cert: \n cert_store: \n ciphers: \n key: \n ssl_timeout: \n ssl_version: \n verify_callback: \n verify_depth: \n verify_mode: 0\n uri: !ruby/object:URI::Generic\n scheme: \n user: \n password: \n host: \n port: \n path: \'\'\n query: \n opaque: \n registry: \n fragment: \n parser: \nparams:\n :oauth_token: e8843af01465b750e11539ddd3558a1b0d64a99f\n oauth_token: e8843af01465b750e11539ddd3558a1b0d64a99f\n :oauth_token_secret: e28d7c1dbfdc533a11eaf42e18274d39d7bbe4e9\n oauth_token_secret: e28d7c1dbfdc533a11eaf42e18274d39d7bbe4e9\nresponse: !ruby/object:Net::HTTPOK\n http_version: \'1.1\'\n code: \'200\'\n message: OK\n header:\n server:\n - nginx\n date:\n - Tue, 18 Mar 2014 15:26:01 GMT\n content-type:\n - text/javascript; UTF-8\n transfer-encoding:\n - chunked\n connection:\n - close\n set-cookie:\n - GETAFREE_LANGUAGE=en; expires=Tue, 25-Mar-2014 15:26:01 GMT; path=/; domain=.freelancer.com\n x-chosenlang:\n - domain=en\n speed:\n - \'0.2136\'\n x-frame-options:\n - SAMEORIGIN\n access-control-allow-origin:\n - m.freelancer.com\n access-control-allow-credentials:\n - \'true\'\n access-control-allow-headers:\n - Authorization,Content-Type,Accept,Origin,User-Agent,DNT,Cache-Control,X-Mx-ReqToken,Keep-Alive,X-Requested-With,If-Modified-Since,Freelancer-Auth-V2\n body: \'{\"json-result\":{\"username\":\"LibraMa\",\"userid\":\"8865273\",\"fullname\":\"maydaycha\",\"company_name\":\"\",\"type_of_work\":\"Worker\",\"currency\":\"1\",\"picture_url\":[],\"addressline1\":\"\\u65b0\\u7af9\\u5e02\\u5927\\u5b78\\u8def1001\\u865f\",\"addressline2\":\"\",\"city\":\"\\u65b0\\u7af9\\u5e02\",\"state\":\"\\u65b0\\u7af9\\u7e23\",\"country\":\"Taiwan\",\"postalcode\":\"300\",\"phone\":\"+886955826492\",\"fax\":null,\"notificationformat\":\"text\\/html\",\"emailnotificationstatus\":1,\"receivenewsstatus\":\"1\",\"bidwonnotificationstatus\":\"0\",\"bidplacednotificationstatus\":\"0\",\"newprivatemessagestatus\":\"0\",\"profiletext\":null,\"vision\":null,\"keywords\":null,\"hourlyrate\":null,\"skills\":null,\"qualificationcsv\":null}}\'\n read: true\n uri: \n decode_content: true\n socket: \n body_exist: true\n', '2014-03-18 15:26:06')[0m
Mysql2::Error: Data too long for column 'token' at row 1: INSERT INTO `oauths` (`created_at`, `name`, `secret`, `token`, `updated_at`) VALUES ('2014-03-18 15:26:06', 'maydaycha', 'e28d7c1dbfdc533a11eaf42e18274d39d7bbe4e9', '--- !ruby/object:OAuth::AccessToken\ntoken: e8843af01465b750e11539ddd3558a1b0d64a99f\nsecret: e28d7c1dbfdc533a11eaf42e18274d39d7bbe4e9\nconsumer: !ruby/object:OAuth::Consumer\n  key: 51c2ea4b1c33af8b30ae432f1c54916ef8cd6067\n  secret: f0f94b06fc598df4a8f2a13fdf77997457a80810\n  options:\n    :signature_method: HMAC-SHA1\n    :request_token_path: http://api.freelancer.com/RequestRequestToken/requestRequestToken.json\n    :authorize_path: http://www.freelancer.com/users/api-token/auth.php\n    :access_token_path: http://api.freelancer.com/RequestAccessToken/requestAccessToken.json\n    :proxy: \n    :scheme: :query_string\n    :http_method: :get\n    :oauth_version: \'1.0\'\n  http_method: :get\n  http: !ruby/object:Net::HTTP\n    address: \n    port: 80\n    local_host: \n    local_port: \n    curr_http_version: \'1.1\'\n    keep_alive_timeout: 2\n    last_communicated: \n    close_on_empty_response: false\n    socket: \n    started: false\n    open_timeout: 30\n    read_timeout: 30\n    continue_timeout: \n    debug_output: \n    proxy_from_env: true\n    proxy_uri: \n    proxy_address: \n    proxy_port: \n    proxy_user: \n    proxy_pass: \n    use_ssl: false\n    ssl_context: \n    ssl_session: \n    enable_post_connection_check: true\n    sspi_enabled: false\n    ca_file: \n    ca_path: \n    cert: \n    cert_store: \n    ciphers: \n    key: \n    ssl_timeout: \n    ssl_version: \n    verify_callback: \n    verify_depth: \n    verify_mode: 0\n  uri: !ruby/object:URI::Generic\n    scheme: \n    user: \n    password: \n    host: \n    port: \n    path: \'\'\n    query: \n    opaque: \n    registry: \n    fragment: \n    parser: \nparams:\n  :oauth_token: e8843af01465b750e11539ddd3558a1b0d64a99f\n  oauth_token: e8843af01465b750e11539ddd3558a1b0d64a99f\n  :oauth_token_secret: e28d7c1dbfdc533a11eaf42e18274d39d7bbe4e9\n  oauth_token_secret: e28d7c1dbfdc533a11eaf42e18274d39d7bbe4e9\nresponse: !ruby/object:Net::HTTPOK\n  http_version: \'1.1\'\n  code: \'200\'\n  message: OK\n  header:\n    server:\n    - nginx\n    date:\n    - Tue, 18 Mar 2014 15:26:01 GMT\n    content-type:\n    - text/javascript; UTF-8\n    transfer-encoding:\n    - chunked\n    connection:\n    - close\n    set-cookie:\n    - GETAFREE_LANGUAGE=en; expires=Tue, 25-Mar-2014 15:26:01 GMT; path=/; domain=.freelancer.com\n    x-chosenlang:\n    - domain=en\n    speed:\n    - \'0.2136\'\n    x-frame-options:\n    - SAMEORIGIN\n    access-control-allow-origin:\n    - m.freelancer.com\n    access-control-allow-credentials:\n    - \'true\'\n    access-control-allow-headers:\n    - Authorization,Content-Type,Accept,Origin,User-Agent,DNT,Cache-Control,X-Mx-ReqToken,Keep-Alive,X-Requested-With,If-Modified-Since,Freelancer-Auth-V2\n  body: \'{\"json-result\":{\"username\":\"LibraMa\",\"userid\":\"8865273\",\"fullname\":\"maydaycha\",\"company_name\":\"\",\"type_of_work\":\"Worker\",\"currency\":\"1\",\"picture_url\":[],\"addressline1\":\"\\u65b0\\u7af9\\u5e02\\u5927\\u5b78\\u8def1001\\u865f\",\"addressline2\":\"\",\"city\":\"\\u65b0\\u7af9\\u5e02\",\"state\":\"\\u65b0\\u7af9\\u7e23\",\"country\":\"Taiwan\",\"postalcode\":\"300\",\"phone\":\"+886955826492\",\"fax\":null,\"notificationformat\":\"text\\/html\",\"emailnotificationstatus\":1,\"receivenewsstatus\":\"1\",\"bidwonnotificationstatus\":\"0\",\"bidplacednotificationstatus\":\"0\",\"newprivatemessagestatus\":\"0\",\"profiletext\":null,\"vision\":null,\"keywords\":null,\"hourlyrate\":null,\"skills\":null,\"qualificationcsv\":null}}\'\n  read: true\n  uri: \n  decode_content: true\n  socket: \n  body_exist: true\n', '2014-03-18 15:26:06')
  [1m[35m (0.1ms)[0m  ROLLBACK
Completed 500 Internal Server Error in 1587ms

ActiveRecord::StatementInvalid (Mysql2::Error: Data too long for column 'token' at row 1: INSERT INTO `oauths` (`created_at`, `name`, `secret`, `token`, `updated_at`) VALUES ('2014-03-18 15:26:06', 'maydaycha', 'e28d7c1dbfdc533a11eaf42e18274d39d7bbe4e9', '--- !ruby/object:OAuth::AccessToken\ntoken: e8843af01465b750e11539ddd3558a1b0d64a99f\nsecret: e28d7c1dbfdc533a11eaf42e18274d39d7bbe4e9\nconsumer: !ruby/object:OAuth::Consumer\n  key: 51c2ea4b1c33af8b30ae432f1c54916ef8cd6067\n  secret: f0f94b06fc598df4a8f2a13fdf77997457a80810\n  options:\n    :signature_method: HMAC-SHA1\n    :request_token_path: http://api.freelancer.com/RequestRequestToken/requestRequestToken.json\n    :authorize_path: http://www.freelancer.com/users/api-token/auth.php\n    :access_token_path: http://api.freelancer.com/RequestAccessToken/requestAccessToken.json\n    :proxy: \n    :scheme: :query_string\n    :http_method: :get\n    :oauth_version: \'1.0\'\n  http_method: :get\n  http: !ruby/object:Net::HTTP\n    address: \n    port: 80\n    local_host: \n    local_port: \n    curr_http_version: \'1.1\'\n    keep_alive_timeout: 2\n    last_communicated: \n    close_on_empty_response: false\n    socket: \n    started: false\n    open_timeout: 30\n    read_timeout: 30\n    continue_timeout: \n    debug_output: \n    proxy_from_env: true\n    proxy_uri: \n    proxy_address: \n    proxy_port: \n    proxy_user: \n    proxy_pass: \n    use_ssl: false\n    ssl_context: \n    ssl_session: \n    enable_post_connection_check: true\n    sspi_enabled: false\n    ca_file: \n    ca_path: \n    cert: \n    cert_store: \n    ciphers: \n    key: \n    ssl_timeout: \n    ssl_version: \n    verify_callback: \n    verify_depth: \n    verify_mode: 0\n  uri: !ruby/object:URI::Generic\n    scheme: \n    user: \n    password: \n    host: \n    port: \n    path: \'\'\n    query: \n    opaque: \n    registry: \n    fragment: \n    parser: \nparams:\n  :oauth_token: e8843af01465b750e11539ddd3558a1b0d64a99f\n  oauth_token: e8843af01465b750e11539ddd3558a1b0d64a99f\n  :oauth_token_secret: e28d7c1dbfdc533a11eaf42e18274d39d7bbe4e9\n  oauth_token_secret: e28d7c1dbfdc533a11eaf42e18274d39d7bbe4e9\nresponse: !ruby/object:Net::HTTPOK\n  http_version: \'1.1\'\n  code: \'200\'\n  message: OK\n  header:\n    server:\n    - nginx\n    date:\n    - Tue, 18 Mar 2014 15:26:01 GMT\n    content-type:\n    - text/javascript; UTF-8\n    transfer-encoding:\n    - chunked\n    connection:\n    - close\n    set-cookie:\n    - GETAFREE_LANGUAGE=en; expires=Tue, 25-Mar-2014 15:26:01 GMT; path=/; domain=.freelancer.com\n    x-chosenlang:\n    - domain=en\n    speed:\n    - \'0.2136\'\n    x-frame-options:\n    - SAMEORIGIN\n    access-control-allow-origin:\n    - m.freelancer.com\n    access-control-allow-credentials:\n    - \'true\'\n    access-control-allow-headers:\n    - Authorization,Content-Type,Accept,Origin,User-Agent,DNT,Cache-Control,X-Mx-ReqToken,Keep-Alive,X-Requested-With,If-Modified-Since,Freelancer-Auth-V2\n  body: \'{\"json-result\":{\"username\":\"LibraMa\",\"userid\":\"8865273\",\"fullname\":\"maydaycha\",\"company_name\":\"\",\"type_of_work\":\"Worker\",\"currency\":\"1\",\"picture_url\":[],\"addressline1\":\"\\u65b0\\u7af9\\u5e02\\u5927\\u5b78\\u8def1001\\u865f\",\"addressline2\":\"\",\"city\":\"\\u65b0\\u7af9\\u5e02\",\"state\":\"\\u65b0\\u7af9\\u7e23\",\"country\":\"Taiwan\",\"postalcode\":\"300\",\"phone\":\"+886955826492\",\"fax\":null,\"notificationformat\":\"text\\/html\",\"emailnotificationstatus\":1,\"receivenewsstatus\":\"1\",\"bidwonnotificationstatus\":\"0\",\"bidplacednotificationstatus\":\"0\",\"newprivatemessagestatus\":\"0\",\"profiletext\":null,\"vision\":null,\"keywords\":null,\"hourlyrate\":null,\"skills\":null,\"qualificationcsv\":null}}\'\n  read: true\n  uri: \n  decode_content: true\n  socket: \n  body_exist: true\n', '2014-03-18 15:26:06')):
  app/controllers/oauth_controller.rb:35:in `get_access_token'


  Rendered /Library/Ruby/Gems/2.0.0/gems/actionpack-4.0.3/lib/action_dispatch/middleware/templates/rescues/_source.erb (0.6ms)
  Rendered /Library/Ruby/Gems/2.0.0/gems/actionpack-4.0.3/lib/action_dispatch/middleware/templates/rescues/_trace.erb (0.9ms)
  Rendered /Library/Ruby/Gems/2.0.0/gems/actionpack-4.0.3/lib/action_dispatch/middleware/templates/rescues/_request_and_response.erb (0.8ms)
  Rendered /Library/Ruby/Gems/2.0.0/gems/actionpack-4.0.3/lib/action_dispatch/middleware/templates/rescues/diagnostics.erb within rescues/layout (11.2ms)
  [1m[36mActiveRecord::SchemaMigration Load (0.2ms)[0m  [1mSELECT `schema_migrations`.* FROM `schema_migrations`[0m
  [1m[35mActiveRecord::SchemaMigration Load (0.2ms)[0m  SELECT `schema_migrations`.* FROM `schema_migrations`
Migrating to CreateOauths (20140318141314)
  [1m[36m (1.5ms)[0m  [1mDROP TABLE `oauths`[0m
  [1m[35mSQL (0.4ms)[0m  DELETE FROM `schema_migrations` WHERE `schema_migrations`.`version` = '20140318141314'
  [1m[36mActiveRecord::SchemaMigration Load (0.2ms)[0m  [1mSELECT `schema_migrations`.* FROM `schema_migrations`[0m
  [1m[36mActiveRecord::SchemaMigration Load (0.2ms)[0m  [1mSELECT `schema_migrations`.* FROM `schema_migrations`[0m
Migrating to CreateOauths (20140318152910)
  [1m[35m (25.7ms)[0m  CREATE TABLE `oauths` (`id` int(11) DEFAULT NULL auto_increment PRIMARY KEY, `name` varchar(255), `token` text, `secret` varchar(255), `created_at` datetime, `updated_at` datetime) ENGINE=InnoDB
  [1m[36m (0.1ms)[0m  [1mBEGIN[0m
  [1m[35mSQL (0.2ms)[0m  INSERT INTO `schema_migrations` (`version`) VALUES ('20140318152910')
  [1m[36m (0.3ms)[0m  [1mCOMMIT[0m
  [1m[35mActiveRecord::SchemaMigration Load (0.2ms)[0m  SELECT `schema_migrations`.* FROM `schema_migrations`


Started GET "/oauth" for 127.0.0.1 at 2014-03-18 23:29:44 +0800
  [1m[36mActiveRecord::SchemaMigration Load (0.2ms)[0m  [1mSELECT `schema_migrations`.* FROM `schema_migrations`[0m
Processing by OauthController#oauth_process as HTML
Redirected to http://www.freelancer.com/users/api-token/auth.php?oauth_token=007f34a388bfeb81b6d86ec6076f64de06280da8
Completed 302 Found in 1378ms (ActiveRecord: 0.0ms)


Started GET "/get_access_token?oauth_token=007f34a388bfeb81b6d86ec6076f64de06280da8&oauth_verifier=6f65b1b57479e884248956c72b96a97698074951" for 127.0.0.1 at 2014-03-18 23:29:49 +0800
Processing by OauthController#get_access_token as HTML
  Parameters: {"oauth_token"=>"007f34a388bfeb81b6d86ec6076f64de06280da8", "oauth_verifier"=>"6f65b1b57479e884248956c72b96a97698074951"}
  [1m[35m (0.2ms)[0m  BEGIN
  [1m[36mSQL (0.4ms)[0m  [1mINSERT INTO `oauths` (`created_at`, `name`, `secret`, `token`, `updated_at`) VALUES ('2014-03-18 15:29:51', 'maydaycha', '7e3c6420089aa710831b1cfe7a51c2ceee76ca00', '--- !ruby/object:OAuth::AccessToken\ntoken: fc57be0837c05a0607644e098f4ed5394459a527\nsecret: 7e3c6420089aa710831b1cfe7a51c2ceee76ca00\nconsumer: !ruby/object:OAuth::Consumer\n key: 51c2ea4b1c33af8b30ae432f1c54916ef8cd6067\n secret: f0f94b06fc598df4a8f2a13fdf77997457a80810\n options:\n :signature_method: HMAC-SHA1\n :request_token_path: http://api.freelancer.com/RequestRequestToken/requestRequestToken.json\n :authorize_path: http://www.freelancer.com/users/api-token/auth.php\n :access_token_path: http://api.freelancer.com/RequestAccessToken/requestAccessToken.json\n :proxy: \n :scheme: :query_string\n :http_method: :get\n :oauth_version: \'1.0\'\n http_method: :get\n http: !ruby/object:Net::HTTP\n address: \n port: 80\n local_host: \n local_port: \n curr_http_version: \'1.1\'\n keep_alive_timeout: 2\n last_communicated: \n close_on_empty_response: false\n socket: \n started: false\n open_timeout: 30\n read_timeout: 30\n continue_timeout: \n debug_output: \n proxy_from_env: true\n proxy_uri: \n proxy_address: \n proxy_port: \n proxy_user: \n proxy_pass: \n use_ssl: false\n ssl_context: \n ssl_session: \n enable_post_connection_check: true\n sspi_enabled: false\n ca_file: \n ca_path: \n cert: \n cert_store: \n ciphers: \n key: \n ssl_timeout: \n ssl_version: \n verify_callback: \n verify_depth: \n verify_mode: 0\n uri: !ruby/object:URI::Generic\n scheme: \n user: \n password: \n host: \n port: \n path: \'\'\n query: \n opaque: \n registry: \n fragment: \n parser: \nparams:\n :oauth_token: fc57be0837c05a0607644e098f4ed5394459a527\n oauth_token: fc57be0837c05a0607644e098f4ed5394459a527\n :oauth_token_secret: 7e3c6420089aa710831b1cfe7a51c2ceee76ca00\n oauth_token_secret: 7e3c6420089aa710831b1cfe7a51c2ceee76ca00\nresponse: !ruby/object:Net::HTTPOK\n http_version: \'1.1\'\n code: \'200\'\n message: OK\n header:\n server:\n - nginx\n date:\n - Tue, 18 Mar 2014 15:29:47 GMT\n content-type:\n - text/javascript; UTF-8\n transfer-encoding:\n - chunked\n connection:\n - close\n set-cookie:\n - GETAFREE_LANGUAGE=en; expires=Tue, 25-Mar-2014 15:29:47 GMT; path=/; domain=.freelancer.com\n x-chosenlang:\n - domain=en\n speed:\n - \'0.1779\'\n x-frame-options:\n - SAMEORIGIN\n access-control-allow-origin:\n - m.freelancer.com\n access-control-allow-credentials:\n - \'true\'\n access-control-allow-headers:\n - Authorization,Content-Type,Accept,Origin,User-Agent,DNT,Cache-Control,X-Mx-ReqToken,Keep-Alive,X-Requested-With,If-Modified-Since,Freelancer-Auth-V2\n body: \'{\"json-result\":{\"username\":\"LibraMa\",\"userid\":\"8865273\",\"fullname\":\"maydaycha\",\"company_name\":\"\",\"type_of_work\":\"Worker\",\"currency\":\"1\",\"picture_url\":[],\"addressline1\":\"\\u65b0\\u7af9\\u5e02\\u5927\\u5b78\\u8def1001\\u865f\",\"addressline2\":\"\",\"city\":\"\\u65b0\\u7af9\\u5e02\",\"state\":\"\\u65b0\\u7af9\\u7e23\",\"country\":\"Taiwan\",\"postalcode\":\"300\",\"phone\":\"+886955826492\",\"fax\":null,\"notificationformat\":\"text\\/html\",\"emailnotificationstatus\":1,\"receivenewsstatus\":\"1\",\"bidwonnotificationstatus\":\"0\",\"bidplacednotificationstatus\":\"0\",\"newprivatemessagestatus\":\"0\",\"profiletext\":null,\"vision\":null,\"keywords\":null,\"hourlyrate\":null,\"skills\":null,\"qualificationcsv\":null}}\'\n read: true\n uri: \n decode_content: true\n socket: \n body_exist: true\n', '2014-03-18 15:29:51')[0m
  [1m[35m (0.6ms)[0m  COMMIT
Completed 200 OK in 1898ms (Views: 0.1ms | ActiveRecord: 9.7ms)
  [1m[36mActiveRecord::SchemaMigration Load (0.2ms)[0m  [1mSELECT `schema_migrations`.* FROM `schema_migrations`[0m
  [1m[36mActiveRecord::SchemaMigration Load (0.2ms)[0m  [1mSELECT `schema_migrations`.* FROM `schema_migrations`[0m
Migrating to CreateOauths (20140318153522)
  [1m[35m (0.3ms)[0m  CREATE TABLE `oauths` (`id` int(11) DEFAULT NULL auto_increment PRIMARY KEY, `name` varchar(255), `token` varchar(255), `secret` varchar(255), `created_at` datetime, `updated_at` datetime) ENGINE=InnoDB
Mysql2::Error: Table 'oauths' already exists: CREATE TABLE `oauths` (`id` int(11) DEFAULT NULL auto_increment PRIMARY KEY, `name` varchar(255), `token` varchar(255), `secret` varchar(255), `created_at` datetime, `updated_at` datetime) ENGINE=InnoDB
  [1m[36mActiveRecord::SchemaMigration Load (0.2ms)[0m  [1mSELECT `schema_migrations`.* FROM `schema_migrations`[0m
Migrating to CreateOauths (20140318153522)
  [1m[35m (27.0ms)[0m  CREATE TABLE `oauths` (`id` int(11) DEFAULT NULL auto_increment PRIMARY KEY, `name` varchar(255), `token` varchar(255), `secret` varchar(255), `created_at` datetime, `updated_at` datetime) ENGINE=InnoDB
  [1m[36m (0.2ms)[0m  [1mBEGIN[0m
  [1m[35mSQL (0.2ms)[0m  INSERT INTO `schema_migrations` (`version`) VALUES ('20140318153522')
  [1m[36m (0.6ms)[0m  [1mCOMMIT[0m
  [1m[35mActiveRecord::SchemaMigration Load (0.2ms)[0m  SELECT `schema_migrations`.* FROM `schema_migrations`


Started GET "/oauth" for 127.0.0.1 at 2014-03-18 23:36:55 +0800
  [1m[36mActiveRecord::SchemaMigration Load (0.2ms)[0m  [1mSELECT `schema_migrations`.* FROM `schema_migrations`[0m
Processing by OauthController#oauth_process as HTML
Redirected to http://www.freelancer.com/users/api-token/auth.php?oauth_token=41a6a2e85d75b8ec5f2ed7085e10e8f33d773c96
Completed 302 Found in 691ms (ActiveRecord: 0.0ms)


Started GET "/get_access_token?oauth_token=41a6a2e85d75b8ec5f2ed7085e10e8f33d773c96&oauth_verifier=31a048c7179fcb4c52eb0387cfa3503919a31aa4" for 127.0.0.1 at 2014-03-18 23:37:03 +0800
Processing by OauthController#get_access_token as HTML
  Parameters: {"oauth_token"=>"41a6a2e85d75b8ec5f2ed7085e10e8f33d773c96", "oauth_verifier"=>"31a048c7179fcb4c52eb0387cfa3503919a31aa4"}
  [1m[35m (0.1ms)[0m  BEGIN
  [1m[36mSQL (0.3ms)[0m  [1mINSERT INTO `oauths` (`created_at`, `name`, `secret`, `token`, `updated_at`) VALUES ('2014-03-18 15:37:05', 'maydaycha', '96f7d4f6d54a8dad49b0f819d196238ff94e0938', 'e875a3052ad190394460ec53e42d38ebf97e8e97', '2014-03-18 15:37:05')[0m
  [1m[35m (0.3ms)[0m  COMMIT
Completed 200 OK in 1559ms (Views: 0.2ms | ActiveRecord: 9.2ms)


Started GET "/api" for 127.0.0.1 at 2014-03-18 23:39:22 +0800
Processing by ApiController#construct_access_token as HTML
  [1m[36mOauth Load (0.3ms)[0m  [1mSELECT `oauths`.* FROM `oauths` WHERE `oauths`.`name` = 'maydaycha' ORDER BY `oauths`.`id` ASC LIMIT 1[0m
Completed 500 Internal Server Error in 35ms

NoMethodError (undefined method `uri' for "e875a3052ad190394460ec53e42d38ebf97e8e97":String):
  app/controllers/api_controller.rb:20:in `construct_access_token'


  Rendered /Library/Ruby/Gems/2.0.0/gems/actionpack-4.0.3/lib/action_dispatch/middleware/templates/rescues/_source.erb (0.6ms)
  Rendered /Library/Ruby/Gems/2.0.0/gems/actionpack-4.0.3/lib/action_dispatch/middleware/templates/rescues/_trace.erb (0.9ms)
  Rendered /Library/Ruby/Gems/2.0.0/gems/actionpack-4.0.3/lib/action_dispatch/middleware/templates/rescues/_request_and_response.erb (0.9ms)
  Rendered /Library/Ruby/Gems/2.0.0/gems/actionpack-4.0.3/lib/action_dispatch/middleware/templates/rescues/diagnostics.erb within rescues/layout (11.8ms)


Started GET "/api" for 127.0.0.1 at 2014-03-18 23:39:50 +0800
Processing by ApiController#construct_access_token as HTML
  [1m[35mOauth Load (0.2ms)[0m  SELECT `oauths`.* FROM `oauths` WHERE `oauths`.`name` = 'maydaycha' ORDER BY `oauths`.`id` ASC LIMIT 1
Completed 200 OK in 1654ms (Views: 0.2ms | ActiveRecord: 8.7ms)


Started GET "/api" for 127.0.0.1 at 2014-03-19 00:14:21 +0800
  [1m[36mActiveRecord::SchemaMigration Load (1.2ms)[0m  [1mSELECT `schema_migrations`.* FROM `schema_migrations`[0m
Processing by ApiController#construct_access_token as HTML
  [1m[35mOauth Load (0.3ms)[0m  SELECT `oauths`.* FROM `oauths` WHERE `oauths`.`name` = 'maydaycha' ORDER BY `oauths`.`id` ASC LIMIT 1
Completed 200 OK in 786ms (Views: 0.1ms | ActiveRecord: 1.9ms)


Started GET "/getUsersBySearch" for 127.0.0.1 at 2014-03-19 00:17:13 +0800
Processing by ApiController#getUsersBySearch as HTML
  [1m[36mOauth Load (0.2ms)[0m  [1mSELECT `oauths`.* FROM `oauths` WHERE `oauths`.`name` = 'maydaycha' ORDER BY `oauths`.`id` ASC LIMIT 1[0m
Completed 200 OK in 2205ms (Views: 0.1ms | ActiveRecord: 1.6ms)


Started GET "/getAccountDetails" for 127.0.0.1 at 2014-03-19 00:19:02 +0800
Processing by ApiController#getAccountDetails as HTML
  [1m[35mOauth Load (0.2ms)[0m  SELECT `oauths`.* FROM `oauths` WHERE `oauths`.`name` = 'maydaycha' ORDER BY `oauths`.`id` ASC LIMIT 1
Completed 200 OK in 3327ms (Views: 0.1ms | ActiveRecord: 1.5ms)


Started GET "/" for 127.0.0.1 at 2014-03-20 22:03:26 +0800

Mysql2::Error (Can't connect to local MySQL server through socket '/tmp/mysql.sock' (2)):
  mysql2 (0.3.15) lib/mysql2/client.rb:67:in `connect'
  mysql2 (0.3.15) lib/mysql2/client.rb:67:in `initialize'
  activerecord (4.0.3) lib/active_record/connection_adapters/mysql2_adapter.rb:18:in `new'
  activerecord (4.0.3) lib/active_record/connection_adapters/mysql2_adapter.rb:18:in `mysql2_connection'
  activerecord (4.0.3) lib/active_record/connection_adapters/abstract/connection_pool.rb:440:in `new_connection'
  activerecord (4.0.3) lib/active_record/connection_adapters/abstract/connection_pool.rb:450:in `checkout_new_connection'
  activerecord (4.0.3) lib/active_record/connection_adapters/abstract/connection_pool.rb:421:in `acquire_connection'
  activerecord (4.0.3) lib/active_record/connection_adapters/abstract/connection_pool.rb:356:in `block in checkout'
  /System/Library/Frameworks/Ruby.framework/Versions/2.0/usr/lib/ruby/2.0.0/monitor.rb:211:in `mon_synchronize'
  activerecord (4.0.3) lib/active_record/connection_adapters/abstract/connection_pool.rb:355:in `checkout'
  activerecord (4.0.3) lib/active_record/connection_adapters/abstract/connection_pool.rb:265:in `block in connection'
  /System/Library/Frameworks/Ruby.framework/Versions/2.0/usr/lib/ruby/2.0.0/monitor.rb:211:in `mon_synchronize'
  activerecord (4.0.3) lib/active_record/connection_adapters/abstract/connection_pool.rb:264:in `connection'
  activerecord (4.0.3) lib/active_record/connection_adapters/abstract/connection_pool.rb:546:in `retrieve_connection'
  activerecord (4.0.3) lib/active_record/connection_handling.rb:79:in `retrieve_connection'
  activerecord (4.0.3) lib/active_record/connection_handling.rb:53:in `connection'
  activerecord (4.0.3) lib/active_record/migration.rb:792:in `current_version'
  activerecord (4.0.3) lib/active_record/migration.rb:800:in `needs_migration?'
  activerecord (4.0.3) lib/active_record/migration.rb:379:in `check_pending!'
  activerecord (4.0.3) lib/active_record/migration.rb:366:in `call'
  actionpack (4.0.3) lib/action_dispatch/middleware/callbacks.rb:29:in `block in call'
  activesupport (4.0.3) lib/active_support/callbacks.rb:373:in `_run__1515052649056021439__call__callbacks'
  activesupport (4.0.3) lib/active_support/callbacks.rb:80:in `run_callbacks'
  actionpack (4.0.3) lib/action_dispatch/middleware/callbacks.rb:27:in `call'
  actionpack (4.0.3) lib/action_dispatch/middleware/reloader.rb:64:in `call'
  actionpack (4.0.3) lib/action_dispatch/middleware/remote_ip.rb:76:in `call'
  actionpack (4.0.3) lib/action_dispatch/middleware/debug_exceptions.rb:17:in `call'
  actionpack (4.0.3) lib/action_dispatch/middleware/show_exceptions.rb:30:in `call'
  railties (4.0.3) lib/rails/rack/logger.rb:38:in `call_app'
  railties (4.0.3) lib/rails/rack/logger.rb:20:in `block in call'
  activesupport (4.0.3) lib/active_support/tagged_logging.rb:67:in `block in tagged'
  activesupport (4.0.3) lib/active_support/tagged_logging.rb:25:in `tagged'
  activesupport (4.0.3) lib/active_support/tagged_logging.rb:67:in `tagged'
  railties (4.0.3) lib/rails/rack/logger.rb:20:in `call'
  actionpack (4.0.3) lib/action_dispatch/middleware/request_id.rb:21:in `call'
  rack (1.5.2) lib/rack/methodoverride.rb:21:in `call'
  rack (1.5.2) lib/rack/runtime.rb:17:in `call'
  activesupport (4.0.3) lib/active_support/cache/strategy/local_cache.rb:83:in `call'
  rack (1.5.2) lib/rack/lock.rb:17:in `call'
  actionpack (4.0.3) lib/action_dispatch/middleware/static.rb:64:in `call'
  rack (1.5.2) lib/rack/sendfile.rb:112:in `call'
  railties (4.0.3) lib/rails/engine.rb:511:in `call'
  railties (4.0.3) lib/rails/application.rb:97:in `call'
  rack (1.5.2) lib/rack/lock.rb:17:in `call'
  rack (1.5.2) lib/rack/content_length.rb:14:in `call'
  rack (1.5.2) lib/rack/handler/webrick.rb:60:in `service'
  /System/Library/Frameworks/Ruby.framework/Versions/2.0/usr/lib/ruby/2.0.0/webrick/httpserver.rb:138:in `service'
  /System/Library/Frameworks/Ruby.framework/Versions/2.0/usr/lib/ruby/2.0.0/webrick/httpserver.rb:94:in `run'
  /System/Library/Frameworks/Ruby.framework/Versions/2.0/usr/lib/ruby/2.0.0/webrick/server.rb:295:in `block in start_thread'


  Rendered /Library/Ruby/Gems/2.0.0/gems/actionpack-4.0.3/lib/action_dispatch/middleware/templates/rescues/_source.erb (0.9ms)
  Rendered /Library/Ruby/Gems/2.0.0/gems/actionpack-4.0.3/lib/action_dispatch/middleware/templates/rescues/_trace.erb (1.7ms)
  Rendered /Library/Ruby/Gems/2.0.0/gems/actionpack-4.0.3/lib/action_dispatch/middleware/templates/rescues/_request_and_response.erb (3.2ms)
  Rendered /Library/Ruby/Gems/2.0.0/gems/actionpack-4.0.3/lib/action_dispatch/middleware/templates/rescues/diagnostics.erb within rescues/layout (154.8ms)


Started GET "/" for 127.0.0.1 at 2014-03-20 22:03:41 +0800
  [1m[36mActiveRecord::SchemaMigration Load (2.2ms)[0m  [1mSELECT `schema_migrations`.* FROM `schema_migrations`[0m
Processing by Rails::WelcomeController#index as HTML
  Rendered /Library/Ruby/Gems/2.0.0/gems/railties-4.0.3/lib/rails/templates/rails/welcome/index.html.erb (0.7ms)
Completed 200 OK in 28ms (Views: 3.1ms | ActiveRecord: 0.0ms)


Started GET "/oauth" for 127.0.0.1 at 2014-03-20 22:03:44 +0800
Processing by OauthController#oauth_process as HTML
Redirected to http://www.freelancer.com/users/api-token/auth.php?oauth_token=b030551a5d1c17f20b572ad105157be19932101f
Completed 302 Found in 916ms (ActiveRecord: 0.0ms)


Started GET "/get_access_token?oauth_token=b030551a5d1c17f20b572ad105157be19932101f&oauth_verifier=881bfd594219390f6e69fb0bc1cc1f49d7efdb03" for 127.0.0.1 at 2014-03-20 22:03:51 +0800
Processing by OauthController#get_access_token as HTML
  Parameters: {"oauth_token"=>"b030551a5d1c17f20b572ad105157be19932101f", "oauth_verifier"=>"881bfd594219390f6e69fb0bc1cc1f49d7efdb03"}
  [1m[35m (0.1ms)[0m  BEGIN
  [1m[36mSQL (0.4ms)[0m  [1mINSERT INTO `oauths` (`created_at`, `name`, `secret`, `token`, `updated_at`) VALUES ('2014-03-20 14:03:53', 'maydaycha', '65b9b4e2709132eea4baad3768700e3c3e44d26d', '8c8220e707e33007e632664517008ddc5c6c07c6', '2014-03-20 14:03:53')[0m
  [1m[35m (0.3ms)[0m  COMMIT
Completed 200 OK in 2055ms (Views: 0.1ms | ActiveRecord: 12.0ms)
